<?xml version="1.0" encoding="UTF-8"?>
<!-- Generated by org.testng.reporters.JUnitReportReporter -->
<testsuite skipped="0" hostname="LAPTOP-HS5RCHRC" name="com.Arcadia.Testcases.LoginPageTest" tests="8" failures="0" timestamp="14 Feb 2020 03:24:52 GMT" time="176.891" errors="0">
  <testcase name="validateRegisterErrorMessageExistingEmailId" time="15.922" classname="com.Arcadia.Testcases.LoginPageTest"/>
  <testcase name="validateRegisterErrorMessageWithoutPasswordValue" time="41.844" classname="com.Arcadia.Testcases.LoginPageTest"/>
  <testcase name="loginPage" time="23.486" classname="com.Arcadia.Testcases.LoginPageTest"/>
  <testcase name="validateRegisterErrorMessagePasswordMismatch" time="34.120" classname="com.Arcadia.Testcases.LoginPageTest"/>
  <testcase name="validateLoginErrorMsgwithoutValues" time="13.295" classname="com.Arcadia.Testcases.LoginPageTest"/>
  <testcase name="validateLoginErrorMsgwithoutEmailValue" time="15.616" classname="com.Arcadia.Testcases.LoginPageTest"/>
  <testcase name="validateLoginErrorMsgwithoutPasswordValue" time="11.635" classname="com.Arcadia.Testcases.LoginPageTest"/>
  <testcase name="register" time="20.973" classname="com.Arcadia.Testcases.LoginPageTest"/>
</testsuite> <!-- com.Arcadia.Testcases.LoginPageTest -->
