<?xml version="1.0" encoding="UTF-8"?>
<!-- Generated by org.testng.reporters.JUnitReportReporter -->
<testsuite skipped="0" hostname="LAPTOP-HS5RCHRC" name="com.Arcadia.Testcases.HomePageTest" tests="8" failures="0" timestamp="14 Feb 2020 03:24:52 GMT" time="148.668" errors="0">
  <testcase name="navigateToCategoryBrands" time="19.603" classname="com.Arcadia.Testcases.HomePageTest"/>
  <testcase name="navigateToCategoryShoes" time="19.031" classname="com.Arcadia.Testcases.HomePageTest"/>
  <testcase name="navigateToCategoryBagsAccessories" time="18.866" classname="com.Arcadia.Testcases.HomePageTest"/>
  <testcase name="navigateToCategoryJeans" time="17.358" classname="com.Arcadia.Testcases.HomePageTest"/>
  <testcase name="navigateToCategoryDresses" time="20.317" classname="com.Arcadia.Testcases.HomePageTest"/>
  <testcase name="navigateToNewIn" time="17.578" classname="com.Arcadia.Testcases.HomePageTest"/>
  <testcase name="navigateToCategoryClothing" time="18.547" classname="com.Arcadia.Testcases.HomePageTest"/>
  <testcase name="navigateToCategorySale" time="17.368" classname="com.Arcadia.Testcases.HomePageTest"/>
</testsuite> <!-- com.Arcadia.Testcases.HomePageTest -->
