<?xml version="1.0" encoding="UTF-8"?>
<!-- Generated by org.testng.reporters.JUnitReportReporter -->
<testsuite skipped="0" hostname="LAPTOP-HS5RCHRC" name="com.Arcadia.TestData.LoginPageTest" tests="8" failures="0" timestamp="12 Feb 2020 08:59:08 GMT" time="117.158" errors="0">
  <testcase name="validateRegisterErrorMessagePasswordMismatch" time="28.580" classname="com.Arcadia.TestData.LoginPageTest"/>
  <testcase name="loginPage" time="20.605" classname="com.Arcadia.TestData.LoginPageTest"/>
  <testcase name="validateLoginErrorMsgwithoutEmailValue" time="11.868" classname="com.Arcadia.TestData.LoginPageTest"/>
  <testcase name="validateRegisterErrorMessageExistingEmailId" time="9.963" classname="com.Arcadia.TestData.LoginPageTest"/>
  <testcase name="validateLoginErrorMsgwithoutPasswordValue" time="10.481" classname="com.Arcadia.TestData.LoginPageTest"/>
  <testcase name="register" time="16.891" classname="com.Arcadia.TestData.LoginPageTest"/>
  <testcase name="validateLoginErrorMsgwithoutValues" time="8.856" classname="com.Arcadia.TestData.LoginPageTest"/>
  <testcase name="validateRegisterErrorMessageWithoutPasswordValue" time="9.914" classname="com.Arcadia.TestData.LoginPageTest"/>
</testsuite> <!-- com.Arcadia.TestData.LoginPageTest -->
